<?xml version="1.0" encoding="UTF-8"?><testsuite errors="0" failures="0" name="finspire.spartan_auth.admin.SpartanAuthApi_GetTest" skipped="0" tests="3" time="4.66" timestamp="2022-12-07 12:59:59"><testcase classname="finspire.spartan_auth.admin.SpartanAuthApi_GetTest" name="regular get request"/><testcase classname="finspire.spartan_auth.admin.SpartanAuthApi_GetTest" name="lastResponse method"/><testcase classname="finspire.spartan_auth.admin.SpartanAuthApi_GetTest" name="Serenity Assertion"/></testsuite>