<?xml version="1.0" encoding="UTF-8"?><testsuite errors="1" failures="3" name="finspire.spartan_auth.editor.SpartanAuthApi_PostTest" skipped="0" tests="11" time="11.4" timestamp="2022-12-07 08:02:51"><testcase classname="finspire.spartan_auth.editor.SpartanAuthApi_PostTest" name="Editor"><error message="1 expectation failed.&#10;Expected status code &lt;201&gt; but was &lt;400&gt;.&#10;" type="java.lang.AssertionError">1 expectation failed.
Expected status code &lt;201&gt; but was &lt;400&gt;.
</error><system-err>1 expectation failed.
Expected status code &lt;201&gt; but was &lt;400&gt;.
&#13;
io.restassured.internal.ResponseSpecificationImpl.validateResponseIfRequired(ResponseSpecificationImpl.groovy:674)&#13;
io.restassured.internal.ResponseSpecificationImpl.statusCode(ResponseSpecificationImpl.groovy:126)&#13;
io.restassured.internal.ResponseSpecificationImpl.statusCode(ResponseSpecificationImpl.groovy:134)&#13;
io.restassured.internal.ValidatableResponseOptionsImpl.statusCode(ValidatableResponseOptionsImpl.java:89)&#13;
io.restassured.internal.ValidatableResponseImpl.super$2$statusCode(ValidatableResponseImpl.groovy)&#13;
groovy.lang.MetaMethod.doMethodInvoke(MetaMethod.java:323)&#13;
groovy.lang.MetaClassImpl.invokeMethod(MetaClassImpl.java:1268)&#13;
io.restassured.internal.ValidatableResponseImpl.statusCode(ValidatableResponseImpl.groovy:142)&#13;
io.restassured.internal.ValidatableResponseImpl.statusCode(ValidatableResponseImpl.groovy)&#13;
finspire.spartan_auth.editor.SpartanAuthApi_PostTest.lambda$test1$0(SpartanAuthApi_PostTest.java:48)&#13;
net.serenitybdd.rest.Ensure.performCheck(Ensure.java:35)&#13;
net.serenitybdd.rest.Ensure.that(Ensure.java:23)&#13;
finspire.spartan_auth.editor.SpartanAuthApi_PostTest.test1(SpartanAuthApi_PostTest.java:48)&#13;
</system-err></testcase><testcase classname="finspire.spartan_auth.editor.SpartanAuthApi_PostTest" name="New Spartan 1 - name"/><testcase classname="finspire.spartan_auth.editor.SpartanAuthApi_PostTest" name="New Spartan 2 - name"><failure message="1 expectation failed.&#10;JSON path data.phone doesn't match.&#10;Expected: is &lt;1207282206L&gt;&#10;  Actual: &lt;1207282206&gt;&#10;" type="java.lang.AssertionError">1 expectation failed.
JSON path data.phone doesn't match.
Expected: is &lt;1207282206L&gt;
  Actual: &lt;1207282206&gt;
</failure><system-err>1 expectation failed.
JSON path data.phone doesn't match.
Expected: is &lt;1207282206L&gt;
  Actual: &lt;1207282206&gt;
&#13;
io.restassured.internal.ResponseSpecificationImpl.validateResponseIfRequired(ResponseSpecificationImpl.groovy:674)&#13;
io.restassured.internal.ResponseSpecificationImpl.body(ResponseSpecificationImpl.groovy:261)&#13;
io.restassured.internal.ResponseSpecificationImpl.body(ResponseSpecificationImpl.groovy:108)&#13;
io.restassured.internal.ValidatableResponseOptionsImpl.body(ValidatableResponseOptionsImpl.java:244)&#13;
io.restassured.internal.ValidatableResponseImpl.super$2$body(ValidatableResponseImpl.groovy)&#13;
groovy.lang.MetaMethod.doMethodInvoke(MetaMethod.java:323)&#13;
groovy.lang.MetaClassImpl.invokeMethod(MetaClassImpl.java:1268)&#13;
io.restassured.internal.ValidatableResponseImpl.body(ValidatableResponseImpl.groovy:298)&#13;
io.restassured.internal.ValidatableResponseImpl.body(ValidatableResponseImpl.groovy)&#13;
finspire.spartan_auth.editor.SpartanAuthApi_PostTest.lambda$test2$14(SpartanAuthApi_PostTest.java:92)&#13;
net.serenitybdd.rest.Ensure.performCheck(Ensure.java:35)&#13;
net.serenitybdd.rest.Ensure.that(Ensure.java:23)&#13;
finspire.spartan_auth.editor.SpartanAuthApi_PostTest.test2(SpartanAuthApi_PostTest.java:92)&#13;
</system-err></testcase><testcase classname="finspire.spartan_auth.editor.SpartanAuthApi_PostTest" name="New Spartan 3 - name"/><testcase classname="finspire.spartan_auth.editor.SpartanAuthApi_PostTest" name="New Spartan 4 - name"/><testcase classname="finspire.spartan_auth.editor.SpartanAuthApi_PostTest" name="New Spartan 5 - name"/><testcase classname="finspire.spartan_auth.editor.SpartanAuthApi_PostTest" name="New Spartan 6 - name"/><testcase classname="finspire.spartan_auth.editor.SpartanAuthApi_PostTest" name="New Spartan 7 - name"><failure message="1 expectation failed.&#10;JSON path data.phone doesn't match.&#10;Expected: is &lt;1791599082L&gt;&#10;  Actual: &lt;1791599082&gt;&#10;" type="java.lang.AssertionError">1 expectation failed.
JSON path data.phone doesn't match.
Expected: is &lt;1791599082L&gt;
  Actual: &lt;1791599082&gt;
</failure><system-err>1 expectation failed.
JSON path data.phone doesn't match.
Expected: is &lt;1791599082L&gt;
  Actual: &lt;1791599082&gt;
&#13;
io.restassured.internal.ResponseSpecificationImpl.validateResponseIfRequired(ResponseSpecificationImpl.groovy:674)&#13;
io.restassured.internal.ResponseSpecificationImpl.body(ResponseSpecificationImpl.groovy:261)&#13;
io.restassured.internal.ResponseSpecificationImpl.body(ResponseSpecificationImpl.groovy:108)&#13;
io.restassured.internal.ValidatableResponseOptionsImpl.body(ValidatableResponseOptionsImpl.java:244)&#13;
io.restassured.internal.ValidatableResponseImpl.super$2$body(ValidatableResponseImpl.groovy)&#13;
groovy.lang.MetaMethod.doMethodInvoke(MetaMethod.java:323)&#13;
groovy.lang.MetaClassImpl.invokeMethod(MetaClassImpl.java:1268)&#13;
io.restassured.internal.ValidatableResponseImpl.body(ValidatableResponseImpl.groovy:298)&#13;
io.restassured.internal.ValidatableResponseImpl.body(ValidatableResponseImpl.groovy)&#13;
finspire.spartan_auth.editor.SpartanAuthApi_PostTest.lambda$test2$14(SpartanAuthApi_PostTest.java:92)&#13;
net.serenitybdd.rest.Ensure.performCheck(Ensure.java:35)&#13;
net.serenitybdd.rest.Ensure.that(Ensure.java:23)&#13;
finspire.spartan_auth.editor.SpartanAuthApi_PostTest.test2(SpartanAuthApi_PostTest.java:92)&#13;
</system-err></testcase><testcase classname="finspire.spartan_auth.editor.SpartanAuthApi_PostTest" name="New Spartan 8 - name"><failure message="1 expectation failed.&#10;JSON path data.phone doesn't match.&#10;Expected: is &lt;1936508511L&gt;&#10;  Actual: &lt;1936508511&gt;&#10;" type="java.lang.AssertionError">1 expectation failed.
JSON path data.phone doesn't match.
Expected: is &lt;1936508511L&gt;
  Actual: &lt;1936508511&gt;
</failure><system-err>1 expectation failed.
JSON path data.phone doesn't match.
Expected: is &lt;1936508511L&gt;
  Actual: &lt;1936508511&gt;
&#13;
io.restassured.internal.ResponseSpecificationImpl.validateResponseIfRequired(ResponseSpecificationImpl.groovy:674)&#13;
io.restassured.internal.ResponseSpecificationImpl.body(ResponseSpecificationImpl.groovy:261)&#13;
io.restassured.internal.ResponseSpecificationImpl.body(ResponseSpecificationImpl.groovy:108)&#13;
io.restassured.internal.ValidatableResponseOptionsImpl.body(ValidatableResponseOptionsImpl.java:244)&#13;
io.restassured.internal.ValidatableResponseImpl.super$2$body(ValidatableResponseImpl.groovy)&#13;
groovy.lang.MetaMethod.doMethodInvoke(MetaMethod.java:323)&#13;
groovy.lang.MetaClassImpl.invokeMethod(MetaClassImpl.java:1268)&#13;
io.restassured.internal.ValidatableResponseImpl.body(ValidatableResponseImpl.groovy:298)&#13;
io.restassured.internal.ValidatableResponseImpl.body(ValidatableResponseImpl.groovy)&#13;
finspire.spartan_auth.editor.SpartanAuthApi_PostTest.lambda$test2$14(SpartanAuthApi_PostTest.java:92)&#13;
net.serenitybdd.rest.Ensure.performCheck(Ensure.java:35)&#13;
net.serenitybdd.rest.Ensure.that(Ensure.java:23)&#13;
finspire.spartan_auth.editor.SpartanAuthApi_PostTest.test2(SpartanAuthApi_PostTest.java:92)&#13;
</system-err></testcase><testcase classname="finspire.spartan_auth.editor.SpartanAuthApi_PostTest" name="New Spartan 9 - name"/><testcase classname="finspire.spartan_auth.editor.SpartanAuthApi_PostTest" name="New Spartan 10 - name"/></testsuite>